<?xml version="1.0" encoding="UTF-8"?>
<!-- Generated by org.testng.reporters.JUnitReportReporter -->
<testsuite hostname="FJLRivera86" failures="0" tests="2" name="com.testng.test.ThirdTest" time="0.004" errors="0" timestamp="2020-08-24T14:08:34 CDT" skipped="0">
  <testcase classname="com.testng.test.ThirdTest" name="actionsInside" time="0.002"/>
  <system-out/>
  <testcase classname="com.testng.test.ThirdTest" name="logout" time="0.002"/>
  <system-out/>
</testsuite> <!-- com.testng.test.ThirdTest -->
