<?xml version="1.0" encoding="UTF-8"?>
<!-- Generated by org.testng.reporters.JUnitReportReporter -->
<testsuite hostname="FJLRivera86" failures="0" tests="3" name="com.testng.parameters.ExcelParameters" time="0.015" errors="0" timestamp="2020-08-24T14:07:55 CDT" skipped="0">
  <testcase classname="com.testng.parameters.ExcelParameters" name="TestCase" time="0.011"/>
  <system-out/>
  <testcase classname="com.testng.parameters.ExcelParameters" name="TestCase" time="0.003"/>
  <system-out/>
  <testcase classname="com.testng.parameters.ExcelParameters" name="TestCase" time="0.001"/>
  <system-out/>
</testsuite> <!-- com.testng.parameters.ExcelParameters -->
